  Mouse.c
C:\Users\funca\source\repos\Mouse\Mouse.c(12,17): warning C4047: 'initializing': 'char' differs in levels of indirection from 'char [5]'
C:\Users\funca\source\repos\Mouse\Mouse.c(13,13): warning C4047: 'initializing': 'char' differs in levels of indirection from 'char [1]'
C:\Users\funca\source\repos\Mouse\Mouse.c(14,13): warning C4047: 'initializing': 'char' differs in levels of indirection from 'char [1]'
C:\Users\funca\source\repos\Mouse\Mouse.c(15,13): warning C4047: 'initializing': 'char' differs in levels of indirection from 'char [1]'
C:\Users\funca\source\repos\Mouse\Mouse.c(20,20): warning C4013: 'nodeInitialization' undefined; assuming extern returning int
C:\Users\funca\source\repos\Mouse\Mouse.c(21,6): warning C4013: 'scan' undefined; assuming extern returning int
C:\Users\funca\source\repos\Mouse\Mouse.c(25,6): error C2371: 'nodeInitialization': redefinition; different basic types
C:\Users\funca\source\repos\Mouse\Mouse.c(47,6): error C2371: 'scan': redefinition; different basic types
C:\Users\funca\source\repos\Mouse\Mouse.c(52,36): warning C4013: 'nodeClassification' undefined; assuming extern returning int
C:\Users\funca\source\repos\Mouse\Mouse.c(55,8): warning C4013: 'choice' undefined; assuming extern returning int
C:\Users\funca\source\repos\Mouse\Mouse.c(78,5): error C2065: 'to': undeclared identifier
C:\Users\funca\source\repos\Mouse\Mouse.c(78,5): error C2146: syntax error: missing ';' before identifier 'next'
C:\Users\funca\source\repos\Mouse\Mouse.c(78,10): error C2065: 'next': undeclared identifier
C:\Users\funca\source\repos\Mouse\Mouse.c(78,10): error C2146: syntax error: missing ';' before identifier 'node'
C:\Users\funca\source\repos\Mouse\Mouse.c(78,14): error C2065: 'node': undeclared identifier
C:\Users\funca\source\repos\Mouse\Mouse.c(81,3): error C2059: syntax error: 'while'
C:\Users\funca\source\repos\Mouse\Mouse.c(87,1): error C2059: syntax error: '}'
C:\Users\funca\source\repos\Mouse\Mouse.c(158,38): warning C4013: 'calculate_heuristic_distance' undefined; assuming extern returning int
C:\Users\funca\source\repos\Mouse\Mouse.c(158,51): error C2109: subscript requires array or pointer type
C:\Users\funca\source\repos\Mouse\Mouse.c(198,25): warning C4553: '==': result of expression not used; did you intend '='?
C:\Users\funca\source\repos\Mouse\Mouse.c(203,25): warning C4553: '==': result of expression not used; did you intend '='?
C:\Users\funca\source\repos\Mouse\Mouse.c(257,15): warning C4013: 'choseForward' undefined; assuming extern returning int
C:\Users\funca\source\repos\Mouse\Mouse.c(261,13): warning C4013: 'choseRight' undefined; assuming extern returning int
C:\Users\funca\source\repos\Mouse\Mouse.c(265,12): warning C4013: 'choseLeft' undefined; assuming extern returning int
C:\Users\funca\source\repos\Mouse\Mouse.c(276,6): error C2059: syntax error: 'return'
C:\Users\funca\source\repos\Mouse\Mouse.c(281,6): error C2371: 'choseForward': redefinition; different basic types
C:\Users\funca\source\repos\Mouse\Mouse.c(284,8): warning C4013: 'motorR' undefined; assuming extern returning int
C:\Users\funca\source\repos\Mouse\Mouse.c(284,19): warning C4013: 'motorL' undefined; assuming extern returning int
C:\Users\funca\source\repos\Mouse\Mouse.c(290,6): error C2371: 'choseRight': redefinition; different basic types
C:\Users\funca\source\repos\Mouse\Mouse.c(292,11): warning C4013: 'turnRight' undefined; assuming extern returning int
C:\Users\funca\source\repos\Mouse\Mouse.c(311,6): error C2371: 'turnRight': redefinition; different basic types
C:\Users\funca\source\repos\Mouse\Mouse.c(321,6): error C2371: 'choseLeft': redefinition; different basic types
C:\Users\funca\source\repos\Mouse\Mouse.c(323,10): warning C4013: 'turnLeft' undefined; assuming extern returning int
C:\Users\funca\source\repos\Mouse\Mouse.c(344,6): error C2371: 'turnLeft': redefinition; different basic types
C:\Users\funca\source\repos\Mouse\Mouse.c(360,15): warning C4013: 'itoa' undefined; assuming extern returning int
C:\Users\funca\source\repos\Mouse\Mouse.c(361,17): warning C4013: 'strcat' undefined; assuming extern returning int
C:\Users\funca\source\repos\Mouse\Mouse.c(362,12): warning C4013: 'strcmp' undefined; assuming extern returning int
C:\Users\funca\source\repos\Mouse\Mouse.c(428,34): warning C4013: 'analogRead' undefined; assuming extern returning int
C:\Users\funca\source\repos\Mouse\Mouse.c(455,1): error C2084: function 'int wallFront()' already has a body
C:\Users\funca\source\repos\Mouse\Mouse.c(426): message : see previous definition of 'wallFront'
