  Micromouse.c
C:\Users\funca\source\repos\Micromouse\Micromouse.c(116,14): warning C4013: 'moveForward' undefined; assuming extern returning int
C:\Users\funca\source\repos\Micromouse\Micromouse.c(68,6): warning C4101: 'nextmove': unreferenced local variable
C:\Users\funca\source\repos\Micromouse\Micromouse.c(129,15): warning C4013: 'wallFront' undefined; assuming extern returning int
C:\Users\funca\source\repos\Micromouse\Micromouse.c(138,15): warning C4013: 'wallRight' undefined; assuming extern returning int
C:\Users\funca\source\repos\Micromouse\Micromouse.c(147,14): warning C4013: 'wallLeft' undefined; assuming extern returning int
C:\Users\funca\source\repos\Micromouse\Micromouse.c(193,38): warning C4013: 'calculate_heuristic_distance' undefined; assuming extern returning int
C:\Users\funca\source\repos\Micromouse\Micromouse.c(233,25): warning C4553: '==': result of expression not used; did you intend '='?
C:\Users\funca\source\repos\Micromouse\Micromouse.c(238,25): warning C4553: '==': result of expression not used; did you intend '='?
C:\Users\funca\source\repos\Micromouse\Micromouse.c(318,17): warning C4013: 'API_moveForward' undefined; assuming extern returning int
C:\Users\funca\source\repos\Micromouse\Micromouse.c(349,15): warning C4013: 'API_turnRight' undefined; assuming extern returning int
C:\Users\funca\source\repos\Micromouse\Micromouse.c(383,14): warning C4013: 'API_turnLeft' undefined; assuming extern returning int
C:\Users\funca\source\repos\Micromouse\Micromouse.c(468,15): warning C4013: 'API_wallFront' undefined; assuming extern returning int
C:\Users\funca\source\repos\Micromouse\Micromouse.c(483,15): warning C4013: 'API_wallRight' undefined; assuming extern returning int
C:\Users\funca\source\repos\Micromouse\Micromouse.c(498,14): warning C4013: 'API_wallLeft' undefined; assuming extern returning int
C:\Users\funca\source\repos\Micromouse\Micromouse.c(172): warning C4715: 'nodeClassification': not all control paths return a value
C:\Users\funca\source\repos\Micromouse\Micromouse.c(308): warning C4716: 'choice': must return a value
C:\Users\funca\source\repos\Micromouse\Micromouse.c(478): warning C4716: 'wallFront': must return a value
C:\Users\funca\source\repos\Micromouse\Micromouse.c(493): warning C4716: 'wallRight': must return a value
C:\Users\funca\source\repos\Micromouse\Micromouse.c(508): warning C4716: 'wallLeft': must return a value
C:\Users\funca\source\repos\Micromouse\Micromouse.c(462): warning C4715: 'calculuate_heuristic_distance': not all control paths return a value
  Micromouse.cpp
Debug\Micromouse.obj : warning LNK4042: object specified more than once; extras ignored
  Micromouse.vcxproj -> C:\Users\funca\source\repos\Micromouse\Debug\Micromouse.exe
