  P1.c
C:\Users\funca\source\repos\C\P1\P1.c(10055,20): warning C4013: 'nodeInitialization' undefined; assuming extern returning int
C:\Users\funca\source\repos\C\P1\P1.c(10056,6): warning C4013: 'scan' undefined; assuming extern returning int
C:\Users\funca\source\repos\C\P1\P1.c(10060,6): error C2371: 'nodeInitialization': redefinition; different basic types
C:\Users\funca\source\repos\C\P1\P1.c(10082,6): error C2371: 'scan': redefinition; different basic types
C:\Users\funca\source\repos\C\P1\P1.c(10087,36): warning C4013: 'nodeClassification' undefined; assuming extern returning int
C:\Users\funca\source\repos\C\P1\P1.c(10088,6): error C2065: 'NIN': undeclared identifier
C:\Users\funca\source\repos\C\P1\P1.c(10091,13): error C2065: 'NIN': undeclared identifier
C:\Users\funca\source\repos\C\P1\P1.c(10091,23): error C2065: 'endGoal': undeclared identifier
C:\Users\funca\source\repos\C\P1\P1.c(10092,8): warning C4013: 'choice' undefined; assuming extern returning int
C:\Users\funca\source\repos\C\P1\P1.c(10092,12): error C2065: 'NIN': undeclared identifier
C:\Users\funca\source\repos\C\P1\P1.c(10132,15): warning C4013: 'moveForward' undefined; assuming extern returning int
C:\Users\funca\source\repos\C\P1\P1.c(10133,16): error C2065: 'stepDistance': undeclared identifier
C:\Users\funca\source\repos\C\P1\P1.c(10134,38): error C2065: 'NIN': undeclared identifier
C:\Users\funca\source\repos\C\P1\P1.c(10134,52): error C2065: 'NIN': undeclared identifier
C:\Users\funca\source\repos\C\P1\P1.c(10145,15): warning C4013: 'wallFront' undefined; assuming extern returning int
C:\Users\funca\source\repos\C\P1\P1.c(10154,15): warning C4013: 'wallRight' undefined; assuming extern returning int
C:\Users\funca\source\repos\C\P1\P1.c(10163,14): warning C4013: 'wallLeft' undefined; assuming extern returning int
C:\Users\funca\source\repos\C\P1\P1.c(10209,38): warning C4013: 'calculate_heuristic_distance' undefined; assuming extern returning int
C:\Users\funca\source\repos\C\P1\P1.c(10249,25): warning C4553: '==': result of expression not used; did you intend '='?
C:\Users\funca\source\repos\C\P1\P1.c(10254,25): warning C4553: '==': result of expression not used; did you intend '='?
C:\Users\funca\source\repos\C\P1\P1.c(10308,15): warning C4013: 'choseForward' undefined; assuming extern returning int
C:\Users\funca\source\repos\C\P1\P1.c(10312,13): warning C4013: 'choseRight' undefined; assuming extern returning int
C:\Users\funca\source\repos\C\P1\P1.c(10316,12): warning C4013: 'choseLeft' undefined; assuming extern returning int
C:\Users\funca\source\repos\C\P1\P1.c(10332,6): error C2371: 'choseForward': redefinition; different basic types
C:\Users\funca\source\repos\C\P1\P1.c(10334,17): warning C4013: 'API_moveForward' undefined; assuming extern returning int
C:\Users\funca\source\repos\C\P1\P1.c(10342,6): error C2371: 'choseRight': redefinition; different basic types
C:\Users\funca\source\repos\C\P1\P1.c(10344,11): warning C4013: 'turnRight' undefined; assuming extern returning int
C:\Users\funca\source\repos\C\P1\P1.c(10363,6): error C2371: 'turnRight': redefinition; different basic types
C:\Users\funca\source\repos\C\P1\P1.c(10365,15): warning C4013: 'API_turnRight' undefined; assuming extern returning int
C:\Users\funca\source\repos\C\P1\P1.c(10374,6): error C2371: 'choseLeft': redefinition; different basic types
C:\Users\funca\source\repos\C\P1\P1.c(10376,10): warning C4013: 'turnLeft' undefined; assuming extern returning int
C:\Users\funca\source\repos\C\P1\P1.c(10397,6): error C2371: 'turnLeft': redefinition; different basic types
C:\Users\funca\source\repos\C\P1\P1.c(10399,14): warning C4013: 'API_turnLeft' undefined; assuming extern returning int
C:\Users\funca\source\repos\C\P1\P1.c(10411,26): warning C4013: 'itoa' undefined; assuming extern returning int
C:\Users\funca\source\repos\C\P1\P1.c(10411,1): error C2075: 'NINstr': array initialization requires a brace-enclosed initializer list
C:\Users\funca\source\repos\C\P1\P1.c(10415,1): error C4996: 'strcat': This function or variable may be unsafe. Consider using strcat_s instead. To disable deprecation, use _CRT_SECURE_NO_WARNINGS. See online help for details.
C:\Program Files (x86)\Windows Kits\10\Include\10.0.18362.0\ucrt\string.h(90): message : see declaration of 'strcat'
C:\Users\funca\source\repos\C\P1\P1.c(10497,15): warning C4013: 'API_wallRight' undefined; assuming extern returning int
C:\Users\funca\source\repos\C\P1\P1.c(10511,1): error C2084: function 'int wallFront()' already has a body
C:\Users\funca\source\repos\C\P1\P1.c(10481): message : see previous definition of 'wallFront'
C:\Users\funca\source\repos\C\P1\P1.c(10512,14): warning C4013: 'API_wallLeft' undefined; assuming extern returning int
